2026-07-01 19:20:55 | INFO | Application Started Successfully
2026-07-01 19:21:26 | INFO | Application Started Successfully
2026-07-01 19:45:11 | INFO | resume.pdf -> PDF
2026-07-01 19:45:11 | INFO | invoice.xlsx -> EXCEL
2026-07-01 19:45:11 | INFO | students.csv -> CSV
2026-07-01 19:45:11 | INFO | photo.jpg -> IMAGE
2026-07-01 19:45:11 | INFO | notes.txt -> TEXT
2026-07-01 19:45:11 | INFO | config.json -> JSON
2026-07-01 19:52:55 | INFO | Detected File Type : PDF
2026-07-01 19:59:17 | INFO | Detected File Type : CSV
2026-07-01 20:00:35 | INFO | Detected File Type : CSV
2026-07-01 20:59:33 | INFO | Detected File Type: CSV
2026-07-02 14:18:36 | INFO | Detected File Type : PDF
2026-07-02 14:19:18 | INFO | Detected File Type : DOCX
2026-07-02 14:20:05 | INFO | Detected File Type : CSV
2026-07-02 14:21:10 | INFO | Detected File Type : EXCEL
2026-07-02 14:30:01 | INFO | Detected File Type : CSV
2026-07-02 14:31:49 | INFO | Detected File Type : DOCX
2026-07-02 14:33:35 | INFO | Detected File Type : DOCX
2026-07-02 14:33:55 | INFO | Detected File Type : DOCX
2026-07-02 14:38:46 | INFO | Detected File Type : DOCX
2026-07-03 13:55:17 | INFO | Detected File Type : TXT
2026-07-03 14:46:07 | INFO | Detected File Type : IMAGE
2026-07-03 14:51:53 | INFO | Detected File Type : IMAGE
2026-07-03 17:46:31 | INFO | Detected File Type : AUDIO
2026-07-03 17:48:38 | INFO | Detected File Type : AUDIO
2026-07-03 17:50:18 | INFO | Detected File Type : AUDIO
2026-07-03 17:51:14 | INFO | Detected File Type : AUDIO
2026-07-03 17:53:48 | INFO | Detected File Type : AUDIO
2026-07-03 17:55:11 | INFO | Detected File Type : AUDIO
2026-07-03 18:02:17 | INFO | Detected File Type : AUDIO
2026-07-03 18:07:05 | INFO | Detected File Type : AUDIO
2026-07-03 18:09:07 | INFO | Detected File Type : AUDIO
2026-07-03 18:11:13 | INFO | Detected File Type : AUDIO
2026-07-03 20:12:43 | INFO | Detected File Type : AUDIO
2026-07-03 20:29:36 | INFO | Detected File Type : AUDIO
2026-07-03 20:37:00 | INFO | Detected File Type : AUDIO
2026-07-03 21:05:07 | INFO | Detected File Type : IMAGE
2026-07-03 21:12:20 | INFO | Detected File Type : AUDIO
2026-07-03 21:19:16 | INFO | Detected File Type : AUDIO
